=== 1時間の詳細監視開始 ===
ログファイル: .logs/observation_20260311_122442.log
監視間隔: 30秒

[2026-03-11 12:24:42] E=0s | PCAP=20838(81MB,90.7%,6th,10fd) | WS=1 | Viewer=20867 | Total=88pass,705frames | Errors=90
[WARN] Errors detected: 90
[2026-03-11 12:25:13] E=30s | PCAP=20838(81MB,90.7%,6th,10fd) | WS=1 | Viewer=20867 | Total=89pass,714frames | Errors=91
[WARN] Errors detected: 91
[2026-03-11 12:25:43] E=60s | PCAP=20838(81MB,90.7%,6th,10fd) | WS=1 | Viewer=20867 | Total=90pass,723frames | Errors=92
[WARN] Errors detected: 92
[2026-03-11 12:26:13] E=90s | PCAP=20838(81MB,90.8%,6th,10fd) | WS=1 | Viewer=20867 | Total=91pass,732frames | Errors=93
[WARN] Errors detected: 93
[2026-03-11 12:26:43] E=120s | PCAP=20838(81MB,90.8%,6th,10fd) | WS=1 | Viewer=20867 | Total=92pass,741frames | Errors=94
[WARN] Errors detected: 94
[2026-03-11 12:27:13] E=150s | PCAP=20838(81MB,90.8%,6th,10fd) | WS=1 | Viewer=20867 | Total=93pass,750frames | Errors=95
[WARN] Errors detected: 95
[2026-03-11 12:27:44] E=180s | PCAP=20838(81MB,90.9%,6th,10fd) | WS=1 | Viewer=20867 | Total=94pass,759frames | Errors=96
[WARN] Errors detected: 96
[2026-03-11 12:28:14] E=210s | PCAP=20838(81MB,90.8%,6th,10fd) | WS=1 | Viewer=20867 | Total=96pass,769frames | Errors=98
[WARN] Errors detected: 98
[2026-03-11 12:28:44] E=240s | PCAP=20838(81MB,90.8%,6th,10fd) | WS=1 | Viewer=20867 | Total=97pass,778frames | Errors=99
[WARN] Errors detected: 99
[2026-03-11 12:29:14] E=270s | PCAP=20838(81MB,90.8%,6th,10fd) | WS=1 | Viewer=20867 | Total=98pass,787frames | Errors=100
[WARN] Errors detected: 100
[2026-03-11 12:29:45] E=300s | PCAP=20838(81MB,90.9%,6th,10fd) | WS=1 | Viewer=20867 | Total=99pass,796frames | Errors=101
[WARN] Errors detected: 101
[2026-03-11 12:30:15] E=330s | PCAP=20838(81MB,90.9%,6th,10fd) | WS=1 | Viewer=20867 | Total=100pass,805frames | Errors=102
[WARN] Errors detected: 102
[2026-03-11 12:30:45] E=360s | PCAP=20838(81MB,90.9%,6th,10fd) | WS=1 | Viewer=20867 | Total=101pass,814frames | Errors=103
[WARN] Errors detected: 103
[2026-03-11 12:31:15] E=390s | PCAP=20838(72MB,91.0%,6th,9fd) | WS=1 | Viewer=20867 | Total=103pass,824frames | Errors=105
[WARN] Errors detected: 105
[2026-03-11 12:31:45] E=420s | PCAP=20838(81MB,90.9%,6th,10fd) | WS=1 | Viewer=20867 | Total=104pass,833frames | Errors=106
[WARN] Errors detected: 106
[2026-03-11 12:32:16] E=450s | PCAP=20838(81MB,90.9%,6th,10fd) | WS=1 | Viewer=20867 | Total=105pass,842frames | Errors=107
[WARN] Errors detected: 107
[2026-03-11 12:32:46] E=480s | PCAP=20838(81MB,91.0%,6th,10fd) | WS=1 | Viewer=20867 | Total=106pass,851frames | Errors=108
[WARN] Errors detected: 108
[2026-03-11 12:33:16] E=510s | PCAP=20838(81MB,91.0%,6th,10fd) | WS=1 | Viewer=20867 | Total=107pass,860frames | Errors=109
[WARN] Errors detected: 109
[2026-03-11 12:33:46] E=540s | PCAP=20838(81MB,91.0%,6th,10fd) | WS=1 | Viewer=20867 | Total=108pass,869frames | Errors=110
[WARN] Errors detected: 110
[2026-03-11 12:34:16] E=570s | PCAP=20838(81MB,91.0%,6th,10fd) | WS=1 | Viewer=20867 | Total=109pass,879frames | Errors=111
[WARN] Errors detected: 111
[2026-03-11 12:34:47] E=600s | PCAP=20838(72MB,91.0%,6th,9fd) | WS=1 | Viewer=20867 | Total=111pass,888frames | Errors=113
[WARN] Errors detected: 113
2026-03-11 12:34:46,463 [INFO] __main__: パス 111 完了 (139 フレーム, 24.3 秒, send_errors=0, total_sent=15429)
[2026-03-11 12:35:17] E=630s | PCAP=20838(81MB,91.0%,6th,10fd) | WS=1 | Viewer=20867 | Total=112pass,897frames | Errors=114
[WARN] Errors detected: 114
[2026-03-11 12:35:47] E=660s | PCAP=20838(81MB,91.0%,6th,10fd) | WS=1 | Viewer=20867 | Total=113pass,906frames | Errors=115
[WARN] Errors detected: 115
[2026-03-11 12:36:17] E=690s | PCAP=20838(81MB,91.0%,6th,10fd) | WS=1 | Viewer=20867 | Total=114pass,915frames | Errors=116
[WARN] Errors detected: 116
[2026-03-11 12:36:47] E=720s | PCAP=20838(81MB,91.0%,6th,10fd) | WS=1 | Viewer=20867 | Total=115pass,924frames | Errors=117
[WARN] Errors detected: 117
[2026-03-11 12:37:18] E=750s | PCAP=20838(81MB,91.1%,6th,10fd) | WS=1 | Viewer=20867 | Total=116pass,934frames | Errors=118
[WARN] Errors detected: 118
[2026-03-11 12:37:48] E=780s | PCAP=20838(81MB,91.1%,6th,10fd) | WS=1 | Viewer=20867 | Total=117pass,943frames | Errors=119
[WARN] Errors detected: 119
[2026-03-11 12:38:18] E=810s | PCAP=20838(72MB,91.1%,6th,9fd) | WS=1 | Viewer=20867 | Total=119pass,952frames | Errors=121
[WARN] Errors detected: 121
2026-03-11 12:38:17,716 [INFO] __main__: パス 119 完了 (139 フレーム, 24.3 秒, send_errors=0, total_sent=16541)
[2026-03-11 12:38:48] E=840s | PCAP=20838(81MB,91.0%,6th,10fd) | WS=1 | Viewer=20867 | Total=120pass,961frames | Errors=122
[WARN] Errors detected: 122
[2026-03-11 12:39:19] E=870s | PCAP=20838(81MB,91.1%,6th,10fd) | WS=1 | Viewer=20867 | Total=121pass,970frames | Errors=123
[WARN] Errors detected: 123
[2026-03-11 12:39:49] E=900s | PCAP=20838(81MB,91.1%,6th,10fd) | WS=1 | Viewer=20867 | Total=122pass,980frames | Errors=124
[WARN] Errors detected: 124
[2026-03-11 12:40:19] E=930s | PCAP=20838(81MB,91.1%,6th,10fd) | WS=1 | Viewer=20867 | Total=123pass,989frames | Errors=125
[WARN] Errors detected: 125
[2026-03-11 12:40:49] E=960s | PCAP=20838(81MB,91.1%,6th,10fd) | WS=1 | Viewer=20867 | Total=124pass,998frames | Errors=126
[WARN] Errors detected: 126
[2026-03-11 12:41:19] E=990s | PCAP=20838(81MB,91.1%,6th,10fd) | WS=1 | Viewer=20867 | Total=125pass,1007frames | Errors=127
[WARN] Errors detected: 127
[2026-03-11 12:41:50] E=1020s | PCAP=20838(72MB,91.1%,6th,9fd) | WS=1 | Viewer=20867 | Total=127pass,1016frames | Errors=129
[WARN] Errors detected: 129
2026-03-11 12:41:48,761 [INFO] __main__: パス 127 完了 (139 フレーム, 24.4 秒, send_errors=0, total_sent=17653)
[2026-03-11 12:42:20] E=1050s | PCAP=20838(81MB,91.1%,6th,9fd) | WS=1 | Viewer=20867 | Total=128pass,1028frames | Errors=132
[WARN] Errors detected: 132
[2026-03-11 12:42:50] E=1080s | PCAP=20838(81MB,91.1%,6th,9fd) | WS=1 | Viewer=20867 | Total=129pass,1039frames | Errors=133
[WARN] Errors detected: 133
[2026-03-11 12:43:20] E=1110s | PCAP=20838(81MB,91.1%,6th,9fd) | WS=1 | Viewer=20867 | Total=131pass,1051frames | Errors=135
[WARN] Errors detected: 135
[2026-03-11 12:43:50] E=1140s | PCAP=20838(81MB,91.1%,6th,9fd) | WS=1 | Viewer=20867 | Total=132pass,1062frames | Errors=136
[WARN] Errors detected: 136
[2026-03-11 12:44:21] E=1170s | PCAP=20838(81MB,91.1%,6th,9fd) | WS=1 | Viewer=20867 | Total=134pass,1074frames | Errors=138
[WARN] Errors detected: 138
[2026-03-11 12:44:51] E=1200s | PCAP=20838(81MB,91.1%,6th,9fd) | WS=1 | Viewer=20867 | Total=135pass,1085frames | Errors=139
[WARN] Errors detected: 139
[2026-03-11 12:45:21] E=1230s | PCAP=20838(81MB,91.0%,6th,9fd) | WS=1 | Viewer=20867 | Total=137pass,1097frames | Errors=141
[WARN] Errors detected: 141
[2026-03-11 12:45:51] E=1260s | PCAP=20838(81MB,91.0%,6th,9fd) | WS=1 | Viewer=20867 | Total=138pass,1109frames | Errors=142
[WARN] Errors detected: 142
[2026-03-11 12:46:22] E=1290s | PCAP=20838(72MB,91.0%,6th,8fd) | WS=1 | Viewer=20867 | Total=140pass,1120frames | Errors=144
[WARN] Errors detected: 144
2026-03-11 12:46:20,513 [INFO] __main__: パス 140 完了 (139 フレーム, 18.8 秒, send_errors=0, total_sent=19460)
[2026-03-11 12:46:52] E=1320s | PCAP=20838(79MB,91.0%,6th,9fd) | WS=1 | Viewer=20867 | Total=141pass,1132frames | Errors=145
[WARN] Errors detected: 145
[2026-03-11 12:47:22] E=1350s | PCAP=20838(81MB,91.1%,6th,9fd) | WS=1 | Viewer=20867 | Total=142pass,1143frames | Errors=146
[WARN] Errors detected: 146
[2026-03-11 12:47:52] E=1380s | PCAP=20838(81MB,91.0%,6th,9fd) | WS=1 | Viewer=20867 | Total=144pass,1155frames | Errors=148
[WARN] Errors detected: 148
[2026-03-11 12:48:22] E=1410s | PCAP=20838(81MB,91.0%,6th,9fd) | WS=1 | Viewer=20867 | Total=145pass,1167frames | Errors=149
[WARN] Errors detected: 149
[2026-03-11 12:48:53] E=1440s | PCAP=20838(81MB,91.0%,6th,9fd) | WS=1 | Viewer=20867 | Total=147pass,1178frames | Errors=151
[WARN] Errors detected: 151
[2026-03-11 12:49:23] E=1470s | PCAP=20838(81MB,91.0%,6th,9fd) | WS=1 | Viewer=20867 | Total=148pass,1190frames | Errors=152
[WARN] Errors detected: 152
[2026-03-11 12:49:53] E=1500s | PCAP=20838(81MB,91.0%,6th,9fd) | WS=1 | Viewer=20867 | Total=150pass,1202frames | Errors=154
[WARN] Errors detected: 154
[2026-03-11 12:50:23] E=1530s | PCAP=20838(81MB,91.0%,6th,9fd) | WS=1 | Viewer=20867 | Total=151pass,1213frames | Errors=155
[WARN] Errors detected: 155
[2026-03-11 12:50:53] E=1560s | PCAP=20838(81MB,90.9%,6th,9fd) | WS=1 | Viewer=20867 | Total=153pass,1225frames | Errors=157
[WARN] Errors detected: 157
[2026-03-11 12:51:24] E=1590s | PCAP=20838(81MB,90.9%,6th,9fd) | WS=1 | Viewer=20867 | Total=154pass,1236frames | Errors=158
[WARN] Errors detected: 158
[2026-03-11 12:51:54] E=1620s | PCAP=20838(75MB,90.9%,6th,8fd) | WS=1 | Viewer=20867 | Total=156pass,1248frames | Errors=160
[WARN] Errors detected: 160
[2026-03-11 12:52:24] E=1650s | PCAP=20838(81MB,90.9%,6th,9fd) | WS=1 | Viewer=20867 | Total=157pass,1260frames | Errors=161
[WARN] Errors detected: 161
[2026-03-11 12:52:54] E=1680s | PCAP=20838(81MB,90.9%,6th,9fd) | WS=1 | Viewer=20867 | Total=158pass,1271frames | Errors=162
[WARN] Errors detected: 162
[2026-03-11 12:53:25] E=1710s | PCAP=20838(81MB,90.9%,6th,9fd) | WS=1 | Viewer=20867 | Total=160pass,1283frames | Errors=164
[WARN] Errors detected: 164
[2026-03-11 12:53:55] E=1740s | PCAP=20838(81MB,90.9%,6th,9fd) | WS=1 | Viewer=20867 | Total=161pass,1294frames | Errors=165
[WARN] Errors detected: 165
[2026-03-11 12:54:25] E=1770s | PCAP=20838(81MB,90.9%,6th,9fd) | WS=1 | Viewer=20867 | Total=163pass,1306frames | Errors=167
[WARN] Errors detected: 167
[2026-03-11 12:54:55] E=1800s | PCAP=20838(81MB,90.9%,6th,9fd) | WS=1 | Viewer=20867 | Total=164pass,1318frames | Errors=168
[WARN] Errors detected: 168
[2026-03-11 12:55:25] E=1830s | PCAP=20838(81MB,90.9%,6th,9fd) | WS=1 | Viewer=20867 | Total=166pass,1329frames | Errors=170
[WARN] Errors detected: 170
[2026-03-11 12:55:56] E=1860s | PCAP=20838(81MB,90.9%,6th,9fd) | WS=1 | Viewer=20867 | Total=167pass,1341frames | Errors=171
[WARN] Errors detected: 171
[2026-03-11 12:56:26] E=1890s | PCAP=20838(79MB,90.8%,6th,9fd) | WS=1 | Viewer=20867 | Total=169pass,1353frames | Errors=173
[WARN] Errors detected: 173
[2026-03-11 12:56:56] E=1920s | PCAP=20838(79MB,90.9%,6th,9fd) | WS=1 | Viewer=20867 | Total=170pass,1364frames | Errors=174
[WARN] Errors detected: 174
[2026-03-11 12:57:26] E=1950s | PCAP=20838(72MB,90.9%,6th,8fd) | WS=1 | Viewer=20867 | Total=172pass,1376frames | Errors=176
[WARN] Errors detected: 176
[2026-03-11 12:57:56] E=1980s | PCAP=20838(79MB,90.8%,6th,9fd) | WS=1 | Viewer=20867 | Total=173pass,1387frames | Errors=177
[WARN] Errors detected: 177
[2026-03-11 12:58:27] E=2010s | PCAP=20838(79MB,90.9%,6th,9fd) | WS=1 | Viewer=20867 | Total=174pass,1399frames | Errors=178
[WARN] Errors detected: 178
[2026-03-11 12:58:57] E=2040s | PCAP=20838(79MB,90.8%,6th,9fd) | WS=1 | Viewer=20867 | Total=176pass,1411frames | Errors=180
[WARN] Errors detected: 180
[2026-03-11 12:59:27] E=2070s | PCAP=20838(79MB,90.8%,6th,9fd) | WS=1 | Viewer=20867 | Total=177pass,1422frames | Errors=181
[WARN] Errors detected: 181
[2026-03-11 12:59:57] E=2100s | PCAP=20838(79MB,90.8%,6th,9fd) | WS=1 | Viewer=20867 | Total=179pass,1434frames | Errors=183
[WARN] Errors detected: 183
[2026-03-11 13:00:28] E=2130s | PCAP=20838(79MB,90.8%,6th,9fd) | WS=1 | Viewer=20867 | Total=180pass,1445frames | Errors=184
[WARN] Errors detected: 184
[2026-03-11 13:00:58] E=2160s | PCAP=20838(79MB,90.8%,6th,9fd) | WS=1 | Viewer=20867 | Total=182pass,1457frames | Errors=186
[WARN] Errors detected: 186
[2026-03-11 13:01:28] E=2190s | PCAP=20838(81MB,90.8%,6th,9fd) | WS=1 | Viewer=20867 | Total=183pass,1469frames | Errors=187
[WARN] Errors detected: 187
[2026-03-11 13:01:58] E=2220s | PCAP=20838(75MB,90.8%,6th,8fd) | WS=1 | Viewer=20867 | Total=185pass,1480frames | Errors=189
[WARN] Errors detected: 189
[2026-03-11 13:02:28] E=2250s | PCAP=20838(81MB,90.8%,6th,9fd) | WS=1 | Viewer=20867 | Total=186pass,1492frames | Errors=190
[WARN] Errors detected: 190
[2026-03-11 13:02:59] E=2280s | PCAP=20838(81MB,90.8%,6th,9fd) | WS=1 | Viewer=20867 | Total=187pass,1503frames | Errors=191
[WARN] Errors detected: 191
[2026-03-11 13:03:29] E=2310s | PCAP=20838(81MB,90.8%,6th,9fd) | WS=1 | Viewer=20867 | Total=189pass,1515frames | Errors=193
[WARN] Errors detected: 193
[2026-03-11 13:03:59] E=2340s | PCAP=20838(81MB,90.8%,6th,9fd) | WS=1 | Viewer=20867 | Total=190pass,1526frames | Errors=194
[WARN] Errors detected: 194
[2026-03-11 13:04:29] E=2370s | PCAP=20838(81MB,90.8%,6th,9fd) | WS=1 | Viewer=20867 | Total=192pass,1538frames | Errors=196
[WARN] Errors detected: 196
[2026-03-11 13:04:59] E=2400s | PCAP=20838(81MB,90.8%,6th,9fd) | WS=1 | Viewer=20867 | Total=193pass,1550frames | Errors=197
[WARN] Errors detected: 197
[2026-03-11 13:05:30] E=2430s | PCAP=20838(81MB,90.7%,6th,9fd) | WS=1 | Viewer=20867 | Total=195pass,1561frames | Errors=199
[WARN] Errors detected: 199
[2026-03-11 13:06:00] E=2460s | PCAP=20838(81MB,90.8%,6th,9fd) | WS=1 | Viewer=20867 | Total=196pass,1573frames | Errors=200
[WARN] Errors detected: 200
[2026-03-11 13:06:30] E=2490s | PCAP=20838(79MB,90.7%,6th,9fd) | WS=1 | Viewer=20867 | Total=198pass,1585frames | Errors=202
[WARN] Errors detected: 202
[2026-03-11 13:07:00] E=2520s | PCAP=20838(81MB,90.7%,6th,9fd) | WS=1 | Viewer=20867 | Total=199pass,1596frames | Errors=203
[WARN] Errors detected: 203
[2026-03-11 13:07:31] E=2550s | PCAP=20838(75MB,90.8%,6th,8fd) | WS=1 | Viewer=20867 | Total=201pass,1608frames | Errors=205
[WARN] Errors detected: 205
[2026-03-11 13:08:01] E=2580s | PCAP=20838(81MB,90.7%,6th,9fd) | WS=1 | Viewer=20867 | Total=202pass,1619frames | Errors=206
[WARN] Errors detected: 206
[2026-03-11 13:08:31] E=2610s | PCAP=20838(81MB,90.8%,6th,10fd) | WS=1 | Viewer=20867 | Total=203pass,1629frames | Errors=207
[WARN] Errors detected: 207
[2026-03-11 13:09:01] E=2640s | PCAP=20838(81MB,90.8%,6th,10fd) | WS=1 | Viewer=20867 | Total=204pass,1638frames | Errors=208
[WARN] Errors detected: 208
[2026-03-11 13:09:31] E=2670s | PCAP=20838(81MB,90.8%,6th,10fd) | WS=1 | Viewer=20867 | Total=205pass,1647frames | Errors=209
[WARN] Errors detected: 209
[2026-03-11 13:10:02] E=2700s | PCAP=20838(80MB,90.7%,6th,10fd) | WS=1 | Viewer=20867 | Total=207pass,1657frames | Errors=211
[WARN] Errors detected: 211
[2026-03-11 13:10:32] E=2730s | PCAP=20838(81MB,90.8%,6th,10fd) | WS=1 | Viewer=20867 | Total=208pass,1666frames | Errors=212
[WARN] Errors detected: 212
[2026-03-11 13:11:02] E=2760s | PCAP=20838(81MB,90.8%,6th,10fd) | WS=1 | Viewer=20867 | Total=209pass,1675frames | Errors=213
[WARN] Errors detected: 213
[2026-03-11 13:11:32] E=2790s | PCAP=20838(81MB,90.8%,6th,10fd) | WS=1 | Viewer=20867 | Total=210pass,1684frames | Errors=214
[WARN] Errors detected: 214
[2026-03-11 13:12:03] E=2820s | PCAP=20838(81MB,90.8%,6th,10fd) | WS=1 | Viewer=20867 | Total=211pass,1693frames | Errors=215
[WARN] Errors detected: 215
[2026-03-11 13:12:33] E=2850s | PCAP=20838(80MB,90.8%,6th,10fd) | WS=1 | Viewer=20867 | Total=212pass,1702frames | Errors=216
[WARN] Errors detected: 216
[2026-03-11 13:13:03] E=2880s | PCAP=20838(81MB,90.8%,6th,10fd) | WS=1 | Viewer=20867 | Total=213pass,1711frames | Errors=217
[WARN] Errors detected: 217
[2026-03-11 13:13:33] E=2910s | PCAP=20838(81MB,90.8%,6th,10fd) | WS=1 | Viewer=20867 | Total=215pass,1721frames | Errors=219
[WARN] Errors detected: 219
[2026-03-11 13:14:03] E=2940s | PCAP=20838(81MB,90.8%,6th,10fd) | WS=1 | Viewer=20867 | Total=216pass,1730frames | Errors=220
[WARN] Errors detected: 220
[2026-03-11 13:14:34] E=2970s | PCAP=20838(81MB,90.8%,6th,10fd) | WS=1 | Viewer=20867 | Total=217pass,1739frames | Errors=221
[WARN] Errors detected: 221
[2026-03-11 13:15:04] E=3000s | PCAP=20838(81MB,90.8%,6th,10fd) | WS=1 | Viewer=20867 | Total=218pass,1748frames | Errors=222
[WARN] Errors detected: 222
[2026-03-11 13:15:34] E=3030s | PCAP=20838(81MB,90.9%,6th,10fd) | WS=1 | Viewer=20867 | Total=219pass,1757frames | Errors=223
[WARN] Errors detected: 223
[2026-03-11 13:16:04] E=3060s | PCAP=20838(81MB,90.9%,6th,10fd) | WS=1 | Viewer=20867 | Total=220pass,1766frames | Errors=224
[WARN] Errors detected: 224
[2026-03-11 13:16:35] E=3090s | PCAP=20838(81MB,90.9%,6th,10fd) | WS=1 | Viewer=20867 | Total=221pass,1775frames | Errors=225
[WARN] Errors detected: 225
[2026-03-11 13:17:05] E=3120s | PCAP=20838(81MB,90.9%,6th,10fd) | WS=1 | Viewer=20867 | Total=223pass,1785frames | Errors=227
[WARN] Errors detected: 227
[2026-03-11 13:17:35] E=3150s | PCAP=20838(81MB,90.9%,6th,11fd) | WS=1 | Viewer=20867 | Total=224pass,1793frames | Errors=228
[WARN] Errors detected: 228
[2026-03-11 13:18:05] E=3180s | PCAP=20838(81MB,90.9%,6th,10fd) | WS=1 | Viewer=20867 | Total=225pass,1801frames | Errors=230
[WARN] Errors detected: 230
[2026-03-11 13:18:35] E=3210s | PCAP=20838(81MB,90.9%,6th,10fd) | WS=1 | Viewer=20867 | Total=226pass,1810frames | Errors=231
[WARN] Errors detected: 231
[2026-03-11 13:19:06] E=3240s | PCAP=20838(81MB,90.9%,6th,10fd) | WS=1 | Viewer=20867 | Total=227pass,1819frames | Errors=232
[WARN] Errors detected: 232
[2026-03-11 13:19:36] E=3270s | PCAP=20838(81MB,90.9%,6th,10fd) | WS=1 | Viewer=20867 | Total=228pass,1828frames | Errors=233
[WARN] Errors detected: 233
[2026-03-11 13:20:06] E=3300s | PCAP=20838(81MB,90.9%,6th,10fd) | WS=1 | Viewer=20867 | Total=229pass,1837frames | Errors=234
[WARN] Errors detected: 234
[2026-03-11 13:20:36] E=3330s | PCAP=20838(81MB,90.9%,6th,10fd) | WS=1 | Viewer=20867 | Total=230pass,1846frames | Errors=235
[WARN] Errors detected: 235
[2026-03-11 13:21:07] E=3360s | PCAP=20838(81MB,90.9%,6th,10fd) | WS=1 | Viewer=20867 | Total=231pass,1855frames | Errors=236
[WARN] Errors detected: 236
[2026-03-11 13:21:37] E=3390s | PCAP=20838(81MB,90.9%,6th,10fd) | WS=1 | Viewer=20867 | Total=233pass,1865frames | Errors=238
[WARN] Errors detected: 238
[2026-03-11 13:22:07] E=3420s | PCAP=20838(81MB,90.9%,6th,10fd) | WS=1 | Viewer=20867 | Total=234pass,1874frames | Errors=239
[WARN] Errors detected: 239
[2026-03-11 13:22:37] E=3450s | PCAP=20838(81MB,90.9%,6th,10fd) | WS=1 | Viewer=20867 | Total=235pass,1883frames | Errors=240
[WARN] Errors detected: 240
[2026-03-11 13:23:07] E=3480s | PCAP=20838(81MB,90.9%,6th,10fd) | WS=1 | Viewer=20867 | Total=236pass,1892frames | Errors=241
[WARN] Errors detected: 241
[2026-03-11 13:23:38] E=3510s | PCAP=20838(81MB,91.0%,6th,10fd) | WS=1 | Viewer=20867 | Total=237pass,1901frames | Errors=242
[WARN] Errors detected: 242
[2026-03-11 13:24:08] E=3540s | PCAP=20838(81MB,91.0%,6th,10fd) | WS=1 | Viewer=20867 | Total=238pass,1910frames | Errors=243
[WARN] Errors detected: 243
[2026-03-11 13:24:38] E=3570s | PCAP=20838(75MB,91.0%,6th,9fd) | WS=1 | Viewer=20867 | Total=240pass,1920frames | Errors=245
[WARN] Errors detected: 245
2026-03-11 13:24:38,667 [INFO] __main__: パス 240 完了 (139 フレーム, 24.5 秒, send_errors=0, total_sent=33360)

=== 1時間監視完了 ===
